Command: ./simv +permissive -l ./zqh_ddr3.log +ntb_random_seed=1 -assert global_finish_maxfail=10 -assert nopostproc +permissive-off
Chronologic VCS simulator copyright 1991-2016
Contains Synopsys proprietary information.
Compiler version L-2016.06_Full64; Runtime version L-2016.06_Full64;  Jul  9 12:23 2020
*Verdi3* Loading libsscore_vcs201509.so
*Verdi3* : FSDB_GATE is set.
*Verdi3* : FSDB_GATE is disabled because sequence dumping is set.
*Verdi3* : Enable Parallel Dumping.
FSDB Dumper for VCS, Release Verdi3_K-2015.09-SP1-1, Linux x86_64/64bit, 01/21/2016
(C) 1996 - 2016 by Synopsys, Inc.
***********************************************************************
*  WARNING -                                                          *
*  The simulator version is newer than the FSDB dumper version which  *
*  may cause abnormal behavior, please contact Synopsys support for   *
*  assistance.                                                        *
***********************************************************************
*Verdi3* FSDB WARNING: The FSDB file already exists. Overwriting the FSDB file may crash the programs that are using this file.
*Verdi3* : Create FSDB file './zqh_ddr3.fsdb'
*Verdi3* : Enable dumping glitch values.
*Verdi3* : Enable dumping value change sequence.
*Verdi3* : Begin traversing the scopes, layer (0).
*Verdi3* : Enable +all dumping.
*Verdi3* : End of traversing.
*Verdi3* : Begin traversing the SVA assertions, layer (0).
*Verdi3* : End of traversing the SVA assertions.
tb.sdramddr3_0.reset at time 10625.0 ps WARNING: 200 us is required before RST_N goes inactive.
tb.sdramddr3_0.cmd_task at time 21250.0 ps WARNING: 500 us is required after RST_N goes inactive before CKE goes active.
tb.sdramddr3_0.main: at time 160000.0 ps WARNING: tDLLK violation during ODT transition.
tb.sdramddr3_0.main: at time 160000.0 ps ERROR:  tMOD violation during ODT transition
tb.sdramddr3_0.main: at time 160000.0 ps ERROR: TZQinit violation during ODT transition
tb.sdramddr3_0.chk_err: at time 172500.0 ps ERROR:  tMOD violation during Activate 
tb.sdramddr3_0.chk_err: at time 172500.0 ps ERROR:  tZQinit violation during Activate 
tb.sdramddr3_0.cmd_task: at time 222500.0 ps WARNING: tDLLK violation during Read     .
tb.sdramddr3_0.main: at time 226250.0 ps WARNING: tDLLK violation during ODT transition.
tb.sdramddr3_0.main: at time 226250.0 ps ERROR: TZQinit violation during ODT transition
tb.sdramddr3_0.main: at time 233750.0 ps WARNING: tDLLK violation during ODT transition.
tb.sdramddr3_0.main: at time 233750.0 ps ERROR: TZQinit violation during ODT transition
tb.sdramddr3_0.chk_err: at time 253750.0 ps ERROR:  tZQinit violation during Precharge
tb.sdramddr3_0.chk_err: at time 268750.0 ps ERROR:  tZQinit violation during Activate 
tb.sdramddr3_0.cmd_task: at time 318750.0 ps WARNING: tDLLK violation during Read     .
tb.sdramddr3_0.main: at time 322500.0 ps WARNING: tDLLK violation during ODT transition.
tb.sdramddr3_0.main: at time 322500.0 ps ERROR: TZQinit violation during ODT transition
tb.sdramddr3_0.main: at time 330000.0 ps WARNING: tDLLK violation during ODT transition.
tb.sdramddr3_0.main: at time 330000.0 ps ERROR: TZQinit violation during ODT transition
tb.sdramddr3_0.chk_err: at time 350000.0 ps ERROR:  tZQinit violation during Precharge
tb.sdramddr3_0.chk_err: at time 365000.0 ps ERROR:  tZQinit violation during Activate 
tb.sdramddr3_0.cmd_task: at time 415000.0 ps WARNING: tDLLK violation during Read     .
tb.sdramddr3_0.main: at time 418750.0 ps WARNING: tDLLK violation during ODT transition.
tb.sdramddr3_0.main: at time 418750.0 ps ERROR: TZQinit violation during ODT transition
tb.sdramddr3_0.main: at time 426250.0 ps WARNING: tDLLK violation during ODT transition.
tb.sdramddr3_0.main: at time 426250.0 ps ERROR: TZQinit violation during ODT transition
tb.sdramddr3_0.chk_err: at time 446250.0 ps ERROR:  tZQinit violation during Precharge
tb.sdramddr3_0.chk_err: at time 461250.0 ps ERROR:  tZQinit violation during Activate 
tb.sdramddr3_0.cmd_task: at time 511250.0 ps WARNING: tDLLK violation during Read     .
tb.sdramddr3_0.main: at time 515000.0 ps WARNING: tDLLK violation during ODT transition.
tb.sdramddr3_0.main: at time 515000.0 ps ERROR: TZQinit violation during ODT transition
tb.sdramddr3_0.main: at time 522500.0 ps WARNING: tDLLK violation during ODT transition.
tb.sdramddr3_0.main: at time 522500.0 ps ERROR: TZQinit violation during ODT transition
tb.sdramddr3_0.chk_err: at time 542500.0 ps ERROR:  tZQinit violation during Precharge
tb.sdramddr3_0.chk_err: at time 557500.0 ps ERROR:  tZQinit violation during Activate 
tb.sdramddr3_0.cmd_task: at time 607500.0 ps WARNING: tDLLK violation during Read     .
tb.sdramddr3_0.main: at time 611250.0 ps WARNING: tDLLK violation during ODT transition.
tb.sdramddr3_0.main: at time 611250.0 ps ERROR: TZQinit violation during ODT transition
tb.sdramddr3_0.main: at time 618750.0 ps WARNING: tDLLK violation during ODT transition.
tb.sdramddr3_0.main: at time 618750.0 ps ERROR: TZQinit violation during ODT transition
tb.sdramddr3_0.chk_err: at time 638750.0 ps ERROR:  tZQinit violation during Precharge
tb.sdramddr3_0.chk_err: at time 653750.0 ps ERROR:  tZQinit violation during Activate 
tb.sdramddr3_0.cmd_task: at time 703750.0 ps WARNING: tDLLK violation during Read     .
tb.sdramddr3_0.main: at time 707500.0 ps WARNING: tDLLK violation during ODT transition.
tb.sdramddr3_0.main: at time 707500.0 ps ERROR: TZQinit violation during ODT transition
tb.sdramddr3_0.main: at time 715000.0 ps WARNING: tDLLK violation during ODT transition.
tb.sdramddr3_0.main: at time 715000.0 ps ERROR: TZQinit violation during ODT transition
tb.sdramddr3_0.chk_err: at time 735000.0 ps ERROR:  tZQinit violation during Precharge
tb.sdramddr3_0.chk_err: at time 750000.0 ps ERROR:  tZQinit violation during Activate 
tb.test_done at time 197316875.0 ps: INFO: Simulation is Complete
           V C S   S i m u l a t i o n   R e p o r t 
Time: 197316875 ps
